{"numFailedTestSuites":1,"numFailedTests":1,"numPassedTestSuites":6,"numPassedTests":23,"numPendingTestSuites":0,"numPendingTests":0,"numRuntimeErrorTestSuites":0,"numTodoTests":0,"numTotalTestSuites":7,"numTotalTests":24,"openHandles":[],"snapshot":{"added":0,"didUpdate":false,"failure":false,"filesAdded":0,"filesRemoved":0,"filesRemovedList":[],"filesUnmatched":0,"filesUpdated":0,"matched":0,"total":0,"unchecked":0,"uncheckedKeysByFile":[],"unmatched":0,"updated":0},"startTime":1771793844969,"success":false,"testResults":[{"assertionResults":[{"ancestorTitles":["merchantRealtime parser"],"duration":5,"failureDetails":[],"failureMessages":[],"fullName":"merchantRealtime parser parses valid websocket message","invocations":1,"location":null,"numPassingAsserts":3,"retryReasons":[],"status":"passed","title":"parses valid websocket message"},{"ancestorTitles":["merchantRealtime parser"],"duration":0,"failureDetails":[],"failureMessages":[],"fullName":"merchantRealtime parser returns null for invalid payload","invocations":1,"location":null,"numPassingAsserts":1,"retryReasons":[],"status":"passed","title":"returns null for invalid payload"}],"endTime":1771793845898,"message":"","name":"D:\\Projects\\MealQuest\\MealQuestMerchant\\__tests__\\merchant-realtime.test.ts","startTime":1771793845517,"status":"passed","summary":""},{"assertionResults":[{"ancestorTitles":["merchantEngine"],"duration":6,"failureDetails":[],"failureMessages":[],"fullName":"merchantEngine approves proposal and activates campaign","invocations":1,"location":null,"numPassingAsserts":3,"retryReasons":[],"status":"passed","title":"approves proposal and activates campaign"},{"ancestorTitles":["merchantEngine"],"duration":1,"failureDetails":[],"failureMessages":[],"fullName":"merchantEngine blocks trigger when kill switch is enabled","invocations":1,"location":null,"numPassingAsserts":2,"retryReasons":[],"status":"passed","title":"blocks trigger when kill switch is enabled"},{"ancestorTitles":["merchantEngine"],"duration":1,"failureDetails":[],"failureMessages":[],"fullName":"merchantEngine smart cashier verify follows voucher -> bonus -> principal order","invocations":1,"location":null,"numPassingAsserts":2,"retryReasons":[],"status":"passed","title":"smart cashier verify follows voucher -> bonus -> principal order"}],"endTime":1771793845903,"message":"","name":"D:\\Projects\\MealQuest\\MealQuestMerchant\\__tests__\\merchant-engine.test.ts","startTime":1771793845529,"status":"passed","summary":""},{"assertionResults":[{"ancestorTitles":["realtime event view model"],"duration":21,"failureDetails":[],"failureMessages":[],"fullName":"realtime event view model builds mapped metadata and detail for known payload event","invocations":1,"location":null,"numPassingAsserts":7,"retryReasons":[],"status":"passed","title":"builds mapped metadata and detail for known payload event"},{"ancestorTitles":["realtime event view model"],"duration":1,"failureDetails":[],"failureMessages":[],"fullName":"realtime event view model handles empty payload for anomaly event","invocations":1,"location":null,"numPassingAsserts":4,"retryReasons":[],"status":"passed","title":"handles empty payload for anomaly event"},{"ancestorTitles":["realtime event view model"],"duration":0,"failureDetails":[],"failureMessages":[],"fullName":"realtime event view model falls back to raw type for unknown event","invocations":1,"location":null,"numPassingAsserts":3,"retryReasons":[],"status":"passed","title":"falls back to raw type for unknown event"},{"ancestorTitles":["realtime event view model"],"duration":0,"failureDetails":[],"failureMessages":[],"fullName":"realtime event view model builds system error event as anomaly","invocations":1,"location":null,"numPassingAsserts":4,"retryReasons":[],"status":"passed","title":"builds system error event as anomaly"},{"ancestorTitles":["realtime event view model"],"duration":1,"failureDetails":[],"failureMessages":[],"fullName":"realtime event view model maps social transfer event metadata","invocations":1,"location":null,"numPassingAsserts":3,"retryReasons":[],"status":"passed","title":"maps social transfer event metadata"},{"ancestorTitles":["realtime event view model"],"duration":1,"failureDetails":[],"failureMessages":[],"fullName":"realtime event view model maps treat session closed as anomaly","invocations":1,"location":null,"numPassingAsserts":3,"retryReasons":[],"status":"passed","title":"maps treat session closed as anomaly"}],"endTime":1771793845923,"message":"","name":"D:\\Projects\\MealQuest\\MealQuestMerchant\\__tests__\\merchant-realtime-viewmodel.test.ts","startTime":1771793845528,"status":"passed","summary":""},{"assertionResults":[{"ancestorTitles":["audit log view model"],"duration":23,"failureDetails":[],"failureMessages":[],"fullName":"audit log view model maps success status and detail payload","invocations":1,"location":null,"numPassingAsserts":4,"retryReasons":[],"status":"passed","title":"maps success status and detail payload"},{"ancestorTitles":["audit log view model"],"duration":1,"failureDetails":[],"failureMessages":[],"fullName":"audit log view model maps denied status as warn","invocations":1,"location":null,"numPassingAsserts":4,"retryReasons":[],"status":"passed","title":"maps denied status as warn"}],"endTime":1771793845925,"message":"","name":"D:\\Projects\\MealQuest\\MealQuestMerchant\\__tests__\\merchant-audit-viewmodel.test.ts","startTime":1771793845533,"status":"passed","summary":""},{"assertionResults":[{"ancestorTitles":["merchantApi audit logs"],"duration":15,"failureDetails":[],"failureMessages":[],"fullName":"merchantApi audit logs requests audit logs with cursor pagination","invocations":1,"location":null,"numPassingAsserts":7,"retryReasons":[],"status":"passed","title":"requests audit logs with cursor pagination"},{"ancestorTitles":["merchantApi audit logs"],"duration":2,"failureDetails":[],"failureMessages":[],"fullName":"merchantApi audit logs includes action/status/time filters when provided","invocations":1,"location":null,"numPassingAsserts":4,"retryReasons":[],"status":"passed","title":"includes action/status/time filters when provided"},{"ancestorTitles":["merchantApi audit logs"],"duration":3,"failureDetails":[],"failureMessages":[],"fullName":"merchantApi audit logs loads strategy library with merchant scope","invocations":1,"location":null,"numPassingAsserts":3,"retryReasons":[],"status":"passed","title":"loads strategy library with merchant scope"},{"ancestorTitles":["merchantApi audit logs"],"duration":2,"failureDetails":[],"failureMessages":[],"fullName":"merchantApi audit logs creates strategy proposal with template and branch","invocations":1,"location":null,"numPassingAsserts":5,"retryReasons":[],"status":"passed","title":"creates strategy proposal with template and branch"},{"ancestorTitles":["merchantApi audit logs"],"duration":2,"failureDetails":[],"failureMessages":[],"fullName":"merchantApi audit logs updates campaign status","invocations":1,"location":null,"numPassingAsserts":3,"retryReasons":[],"status":"passed","title":"updates campaign status"},{"ancestorTitles":["merchantApi audit logs"],"duration":2,"failureDetails":[],"failureMessages":[],"fullName":"merchantApi audit logs updates alliance config","invocations":1,"location":null,"numPassingAsserts":4,"retryReasons":[],"status":"passed","title":"updates alliance config"},{"ancestorTitles":["merchantApi audit logs"],"duration":3,"failureDetails":[],"failureMessages":[],"fullName":"merchantApi audit logs posts social transfer payload","invocations":1,"location":null,"numPassingAsserts":4,"retryReasons":[],"status":"passed","title":"posts social transfer payload"},{"ancestorTitles":["merchantApi audit logs"],"duration":2,"failureDetails":[],"failureMessages":[],"fullName":"merchantApi audit logs creates treat session payload","invocations":1,"location":null,"numPassingAsserts":4,"retryReasons":[],"status":"passed","title":"creates treat session payload"},{"ancestorTitles":["merchantApi audit logs"],"duration":1,"failureDetails":[],"failureMessages":[],"fullName":"merchantApi audit logs queries social red packet by id","invocations":1,"location":null,"numPassingAsserts":2,"retryReasons":[],"status":"passed","title":"queries social red packet by id"}],"endTime":1771793845938,"message":"","name":"D:\\Projects\\MealQuest\\MealQuestMerchant\\__tests__\\merchant-api.test.ts","startTime":1771793845530,"status":"passed","summary":""},{"assertionResults":[{"ancestorTitles":[],"duration":303,"failureDetails":[],"failureMessages":[],"fullName":"app mounts without crashing","invocations":1,"location":null,"numPassingAsserts":0,"retryReasons":[],"status":"passed","title":"app mounts without crashing"}],"endTime":1771793846435,"message":"","name":"D:\\Projects\\MealQuest\\MealQuestMerchant\\__tests__\\App.test.tsx","startTime":1771793845513,"status":"passed","summary":""},{"assertionResults":[{"ancestorTitles":["merchant ui regression flow"],"duration":362,"failureDetails":[{}],"failureMessages":["Error: No instances found with props: {\"testID\":\"campaign-toggle-campaign_demo\"}\n    at Error (D:\\Projects\\MealQuest\\MealQuestMerchant\\node_modules\\react-test-renderer\\cjs\\react-test-renderer.development.js:15161:13)\n    at ReactTestInstance.expectOne [as findByProps] (D:\\Projects\\MealQuest\\MealQuestMerchant\\node_modules\\react-test-renderer\\cjs\\react-test-renderer.development.js:17219:18)\n    at findByProps (D:\\Projects\\MealQuest\\MealQuestMerchant\\__tests__\\merchant-ui-regression.test.tsx:197:10)\n    at Generator.next (<anonymous>)\n    at asyncGeneratorStep (D:\\Projects\\MealQuest\\MealQuestMerchant\\node_modules\\@babel\\runtime\\helpers\\asyncToGenerator.js:3:17)\n    at asyncGeneratorStep (D:\\Projects\\MealQuest\\MealQuestMerchant\\node_modules\\@babel\\runtime\\helpers\\asyncToGenerator.js:17:9)\n    at _next (D:\\Projects\\MealQuest\\MealQuestMerchant\\node_modules\\@babel\\runtime\\helpers\\asyncToGenerator.js:22:7)\n    at new Promise (<anonymous>)\n    at D:\\Projects\\MealQuest\\MealQuestMerchant\\node_modules\\@babel\\runtime\\helpers\\asyncToGenerator.js:14:12\n    at Object.callback [as act] (D:\\Projects\\MealQuest\\MealQuestMerchant\\node_modules\\react\\cjs\\react.development.js:814:22)\n    at Object.act (D:\\Projects\\MealQuest\\MealQuestMerchant\\__tests__\\merchant-ui-regression.test.tsx:195:29)\n    at Generator.next (<anonymous>)\n    at asyncGeneratorStep (D:\\Projects\\MealQuest\\MealQuestMerchant\\node_modules\\@babel\\runtime\\helpers\\asyncToGenerator.js:3:17)\n    at asyncGeneratorStep (D:\\Projects\\MealQuest\\MealQuestMerchant\\node_modules\\@babel\\runtime\\helpers\\asyncToGenerator.js:17:9)"],"fullName":"merchant ui regression flow replays campaign/alliance/social/treat actions in remote mode","invocations":1,"location":null,"numPassingAsserts":0,"retryReasons":[],"status":"failed","title":"replays campaign/alliance/social/treat actions in remote mode"}],"endTime":1771793846662,"message":"\u001b[1m\u001b[31m  \u001b[1m● \u001b[22m\u001b[1mmerchant ui regression flow › replays campaign/alliance/social/treat actions in remote mode\u001b[39m\u001b[22m\n\n    No instances found with props: {\"testID\":\"campaign-toggle-campaign_demo\"}\n\u001b[2m\u001b[22m\n\u001b[2m    \u001b[0m \u001b[90m 195 |\u001b[39m     \u001b[36mawait\u001b[39m \u001b[33mReactTestRenderer\u001b[39m\u001b[33m.\u001b[39mact(\u001b[36masync\u001b[39m () \u001b[33m=>\u001b[39m {\u001b[22m\n\u001b[2m     \u001b[90m 196 |\u001b[39m       tree\u001b[33m!\u001b[39m\u001b[33m.\u001b[39mroot\u001b[22m\n\u001b[2m    \u001b[31m\u001b[1m>\u001b[22m\u001b[2m\u001b[39m\u001b[90m 197 |\u001b[39m         \u001b[33m.\u001b[39mfindByProps({testID\u001b[33m:\u001b[39m \u001b[32m'campaign-toggle-campaign_demo'\u001b[39m})\u001b[22m\n\u001b[2m     \u001b[90m     |\u001b[39m          \u001b[31m\u001b[1m^\u001b[22m\u001b[2m\u001b[39m\u001b[22m\n\u001b[2m     \u001b[90m 198 |\u001b[39m         \u001b[33m.\u001b[39mprops\u001b[33m.\u001b[39monPress()\u001b[33m;\u001b[39m\u001b[22m\n\u001b[2m     \u001b[90m 199 |\u001b[39m       \u001b[36mawait\u001b[39m flush(\u001b[35m4\u001b[39m)\u001b[33m;\u001b[39m\u001b[22m\n\u001b[2m     \u001b[90m 200 |\u001b[39m     })\u001b[33m;\u001b[39m\u001b[0m\u001b[22m\n\u001b[2m\u001b[22m\n\u001b[2m      \u001b[2mat Error (\u001b[22m\u001b[2mnode_modules/react-test-renderer/cjs/react-test-renderer.development.js\u001b[2m:15161:13)\u001b[22m\u001b[2m\u001b[22m\n\u001b[2m      \u001b[2mat ReactTestInstance.expectOne [as findByProps] (\u001b[22m\u001b[2mnode_modules/react-test-renderer/cjs/react-test-renderer.development.js\u001b[2m:17219:18)\u001b[22m\u001b[2m\u001b[22m\n\u001b[2m      \u001b[2mat findByProps (\u001b[22m\u001b[2m\u001b[0m\u001b[36m__tests__/merchant-ui-regression.test.tsx\u001b[39m\u001b[0m\u001b[2m:197:10)\u001b[22m\u001b[2m\u001b[22m\n\u001b[2m      \u001b[2mat asyncGeneratorStep (\u001b[22m\u001b[2mnode_modules/@babel/runtime/helpers/asyncToGenerator.js\u001b[2m:3:17)\u001b[22m\u001b[2m\u001b[22m\n\u001b[2m      \u001b[2mat asyncGeneratorStep (\u001b[22m\u001b[2mnode_modules/@babel/runtime/helpers/asyncToGenerator.js\u001b[2m:17:9)\u001b[22m\u001b[2m\u001b[22m\n\u001b[2m      \u001b[2mat _next (\u001b[22m\u001b[2mnode_modules/@babel/runtime/helpers/asyncToGenerator.js\u001b[2m:22:7)\u001b[22m\u001b[2m\u001b[22m\n\u001b[2m      \u001b[2mat \u001b[22m\u001b[2mnode_modules/@babel/runtime/helpers/asyncToGenerator.js\u001b[2m:14:12\u001b[22m\u001b[2m\u001b[22m\n\u001b[2m      \u001b[2mat Object.callback [as act] (\u001b[22m\u001b[2mnode_modules/react/cjs/react.development.js\u001b[2m:814:22)\u001b[22m\u001b[2m\u001b[22m\n\u001b[2m      \u001b[2mat Object.act (\u001b[22m\u001b[2m\u001b[0m\u001b[36m__tests__/merchant-ui-regression.test.tsx\u001b[39m\u001b[0m\u001b[2m:195:29)\u001b[22m\u001b[2m\u001b[22m\n\u001b[2m      \u001b[2mat asyncGeneratorStep (\u001b[22m\u001b[2mnode_modules/@babel/runtime/helpers/asyncToGenerator.js\u001b[2m:3:17)\u001b[22m\u001b[2m\u001b[22m\n\u001b[2m      \u001b[2mat asyncGeneratorStep (\u001b[22m\u001b[2mnode_modules/@babel/runtime/helpers/asyncToGenerator.js\u001b[2m:17:9)\u001b[22m\u001b[2m\u001b[22m\n","name":"D:\\Projects\\MealQuest\\MealQuestMerchant\\__tests__\\merchant-ui-regression.test.tsx","startTime":1771793845511,"status":"failed","summary":""}],"wasInterrupted":false}
