> Task :gradle-plugin:settings-plugin:checkKotlinGradlePluginConfigurationErrors SKIPPED
> Task :gradle-plugin:shared:checkKotlinGradlePluginConfigurationErrors SKIPPED
> Task :gradle-plugin:shared:compileKotlin UP-TO-DATE
> Task :gradle-plugin:shared:compileJava NO-SOURCE
> Task :gradle-plugin:shared:processResources NO-SOURCE
> Task :gradle-plugin:shared:classes UP-TO-DATE
> Task :gradle-plugin:shared:jar UP-TO-DATE
> Task :gradle-plugin:settings-plugin:compileKotlin UP-TO-DATE
> Task :gradle-plugin:settings-plugin:compileJava NO-SOURCE
> Task :gradle-plugin:settings-plugin:pluginDescriptors UP-TO-DATE
> Task :gradle-plugin:settings-plugin:processResources UP-TO-DATE
> Task :gradle-plugin:settings-plugin:classes UP-TO-DATE
> Task :gradle-plugin:settings-plugin:jar UP-TO-DATE
> Task :gradle-plugin:react-native-gradle-plugin:checkKotlinGradlePluginConfigurationErrors SKIPPED
> Task :gradle-plugin:react-native-gradle-plugin:compileKotlin UP-TO-DATE
> Task :gradle-plugin:react-native-gradle-plugin:compileJava NO-SOURCE
> Task :gradle-plugin:react-native-gradle-plugin:pluginDescriptors UP-TO-DATE
> Task :gradle-plugin:react-native-gradle-plugin:processResources UP-TO-DATE
> Task :gradle-plugin:react-native-gradle-plugin:classes UP-TO-DATE
> Task :gradle-plugin:react-native-gradle-plugin:jar UP-TO-DATE

> Configure project :app
Reading env from: .env

> Task :app:generateAutolinkingNewArchitectureFiles UP-TO-DATE
> Task :app:generateAutolinkingPackageList UP-TO-DATE
> Task :app:generateCodegenSchemaFromJavaScript SKIPPED
> Task :app:generateCodegenArtifactsFromSchema SKIPPED
> Task :app:generateReactNativeEntryPoint UP-TO-DATE
> Task :react-native-async-storage_async-storage:generateCodegenSchemaFromJavaScript UP-TO-DATE
> Task :react-native-async-storage_async-storage:generateCodegenArtifactsFromSchema UP-TO-DATE
> Task :react-native-async-storage_async-storage:preBuild UP-TO-DATE
> Task :react-native-config:generateCodegenSchemaFromJavaScript UP-TO-DATE
> Task :react-native-config:generateCodegenArtifactsFromSchema UP-TO-DATE
> Task :react-native-config:preBuild UP-TO-DATE
> Task :react-native-safe-area-context:generateCodegenSchemaFromJavaScript UP-TO-DATE
> Task :react-native-safe-area-context:generateCodegenArtifactsFromSchema UP-TO-DATE
> Task :react-native-safe-area-context:preBuild UP-TO-DATE
> Task :react-native-screens:generateCodegenSchemaFromJavaScript UP-TO-DATE
> Task :react-native-screens:generateCodegenArtifactsFromSchema UP-TO-DATE
> Task :react-native-screens:preBuild UP-TO-DATE
> Task :react-native-svg:generateCodegenSchemaFromJavaScript UP-TO-DATE
> Task :react-native-svg:generateCodegenArtifactsFromSchema UP-TO-DATE
> Task :react-native-svg:preBuild UP-TO-DATE
> Task :app:preBuild UP-TO-DATE
> Task :app:preDebugBuild UP-TO-DATE
> Task :react-native-async-storage_async-storage:preDebugBuild UP-TO-DATE
> Task :react-native-async-storage_async-storage:writeDebugAarMetadata UP-TO-DATE
> Task :react-native-config:preDebugBuild UP-TO-DATE
> Task :react-native-config:writeDebugAarMetadata UP-TO-DATE
> Task :react-native-safe-area-context:preDebugBuild UP-TO-DATE
> Task :react-native-safe-area-context:writeDebugAarMetadata UP-TO-DATE
> Task :react-native-screens:preDebugBuild UP-TO-DATE
> Task :react-native-screens:writeDebugAarMetadata UP-TO-DATE
> Task :react-native-svg:preDebugBuild UP-TO-DATE
> Task :react-native-svg:writeDebugAarMetadata UP-TO-DATE
> Task :app:checkDebugAarMetadata FAILED

[Incubating] Problems report is available at: file:///D:/Projects/MealQuest/MealQuestMerchant/android/build/reports/problems/problems-report.html
./gradlew : 
At line:1 char:1
+ ./gradlew :app:checkDebugAarMetadata --stacktrace > 
build_error.txt 2 ...
+ ~~~~~~~~~~~~~~~~~~~~~~~~~~~~~~~~~~~~~~~~~~~~~~~~~~~~~~~~
~~~~~~~~~~~~~
    + CategoryInfo          : NotSpecified: (:String) [], 
    RemoteException
    + FullyQualifiedErrorId : NativeCommandError
 
FAILURE: Build failed with an exception.

* What went wrong:
Execution failed for task ':app:checkDebugAarMetadata'.
> A failure occurred while executing com.android.build.gra
dle.internal.tasks.CheckAarMetadataWorkAction
   > 2 issues were found when checking AAR metadata:
     
       1.  Dependency 'androidx.core:core:1.17.0' 
requires libraries and applications that
           depend on it to compile against version 36 or 
later of the
           Android APIs.
     
           :app is currently compiled against android-35.
     
           Recommended action: Update this project to use 
a newer compileSdk
           of at least 36, for example 36.
     
           Note that updating a library or application's 
compileSdk (which
           allows newer APIs to be used) can be done 
separately from updating
           targetSdk (which opts the app in to new 
runtime behavior) and
           minSdk (which determines which devices the app 
can be installed
           on).
     
       2.  Dependency 'androidx.core:core-ktx:1.17.0' 
requires libraries and applications that
           depend on it to compile against version 36 or 
later of the
           Android APIs.
     
           :app is currently compiled against android-35.
     
           Recommended action: Update this project to use 
a newer compileSdk
           of at least 36, for example 36.
     
           Note that updating a library or application's 
compileSdk (which
           allows newer APIs to be used) can be done 
separately from updating
           targetSdk (which opts the app in to new 
runtime behavior) and
           minSdk (which determines which devices the app 
can be installed
           on).

* Try:
> Run with --info or --debug option to get more log 
output.
> Run with --scan to generate a Build Scan (Powered by 
Develocity).
> Get more help at https://help.gradle.org.

* Exception is:
org.gradle.api.tasks.TaskExecutionException: Execution 
failed for task ':app:checkDebugAarMetadata'.
	at org.gradle.api.internal.tasks.execution.ExecuteActions
TaskExecuter.lambda$executeIfValid$1(ExecuteActionsTaskExe
cuter.java:135)
	at org.gradle.internal.Try$Failure.ifSuccessfulOrElse(Try
.java:288)
	at org.gradle.api.internal.tasks.execution.ExecuteActions
TaskExecuter.executeIfValid(ExecuteActionsTaskExecuter.jav
a:133)
	at org.gradle.api.internal.tasks.execution.ExecuteActions
TaskExecuter.execute(ExecuteActionsTaskExecuter.java:121)
	at org.gradle.api.internal.tasks.execution.ProblemsTaskPa
thTrackingTaskExecuter.execute(ProblemsTaskPathTrackingTas
kExecuter.java:41)
	at org.gradle.api.internal.tasks.execution.FinalizeProper
tiesTaskExecuter.execute(FinalizePropertiesTaskExecuter.ja
va:46)
	at org.gradle.api.internal.tasks.execution.ResolveTaskExe
cutionModeExecuter.execute(ResolveTaskExecutionModeExecute
r.java:51)
	at org.gradle.api.internal.tasks.execution.SkipTaskWithNo
ActionsExecuter.execute(SkipTaskWithNoActionsExecuter.java
:57)
	at org.gradle.api.internal.tasks.execution.SkipOnlyIfTask
Executer.execute(SkipOnlyIfTaskExecuter.java:74)
	at org.gradle.api.internal.tasks.execution.CatchException
TaskExecuter.execute(CatchExceptionTaskExecuter.java:36)
	at org.gradle.api.internal.tasks.execution.EventFiringTas
kExecuter$1.executeTask(EventFiringTaskExecuter.java:77)
	at org.gradle.api.internal.tasks.execution.EventFiringTas
kExecuter$1.call(EventFiringTaskExecuter.java:55)
	at org.gradle.api.internal.tasks.execution.EventFiringTas
kExecuter$1.call(EventFiringTaskExecuter.java:52)
	at org.gradle.internal.operations.DefaultBuildOperationRu
nner$CallableBuildOperationWorker.execute(DefaultBuildOper
ationRunner.java:209)
	at org.gradle.internal.operations.DefaultBuildOperationRu
nner$CallableBuildOperationWorker.execute(DefaultBuildOper
ationRunner.java:204)
	at org.gradle.internal.operations.DefaultBuildOperationRu
nner$2.execute(DefaultBuildOperationRunner.java:66)
	at org.gradle.internal.operations.DefaultBuildOperationRu
nner$2.execute(DefaultBuildOperationRunner.java:59)
	at org.gradle.internal.operations.DefaultBuildOperationRu
nner.execute(DefaultBuildOperationRunner.java:166)
	at org.gradle.internal.operations.DefaultBuildOperationRu
nner.execute(DefaultBuildOperationRunner.java:59)
	at org.gradle.internal.operations.DefaultBuildOperationRu
nner.call(DefaultBuildOperationRunner.java:53)
	at org.gradle.api.internal.tasks.execution.EventFiringTas
kExecuter.execute(EventFiringTaskExecuter.java:52)
	at org.gradle.execution.plan.LocalTaskNodeExecutor.execut
e(LocalTaskNodeExecutor.java:45)
	at org.gradle.execution.taskgraph.DefaultTaskExecutionGra
ph$InvokeNodeExecutorsAction.execute(DefaultTaskExecutionG
raph.java:347)
	at org.gradle.execution.taskgraph.DefaultTaskExecutionGra
ph$InvokeNodeExecutorsAction.execute(DefaultTaskExecutionG
raph.java:334)
	at org.gradle.execution.taskgraph.DefaultTaskExecutionGra
ph$BuildOperationAwareExecutionAction.lambda$execute$0(Def
aultTaskExecutionGraph.java:330)
	at org.gradle.internal.operations.CurrentBuildOperationRe
f.with(CurrentBuildOperationRef.java:84)
	at org.gradle.execution.taskgraph.DefaultTaskExecutionGra
ph$BuildOperationAwareExecutionAction.execute(DefaultTaskE
xecutionGraph.java:330)
	at org.gradle.execution.taskgraph.DefaultTaskExecutionGra
ph$BuildOperationAwareExecutionAction.execute(DefaultTaskE
xecutionGraph.java:319)
	at org.gradle.execution.plan.DefaultPlanExecutor$Executor
Worker.execute(DefaultPlanExecutor.java:459)
	at org.gradle.execution.plan.DefaultPlanExecutor$Executor
Worker.run(DefaultPlanExecutor.java:376)
	at org.gradle.internal.concurrent.ExecutorPolicy$CatchAnd
RecordFailures.onExecute(ExecutorPolicy.java:64)
	at org.gradle.internal.concurrent.AbstractManagedExecutor
$1.run(AbstractManagedExecutor.java:47)
Caused by: org.gradle.workers.internal.DefaultWorkerExecut
or$WorkExecutionException: A failure occurred while 
executing com.android.build.gradle.internal.tasks.CheckAar
MetadataWorkAction
	at org.gradle.workers.internal.DefaultWorkerExecutor$Work
ItemExecution.waitForCompletion(DefaultWorkerExecutor.java
:289)
	at org.gradle.internal.work.DefaultAsyncWorkTracker.lambd
a$waitForItemsAndGatherFailures$2(DefaultAsyncWorkTracker.
java:130)
	at 
org.gradle.internal.Factories$1.create(Factories.java:31)
	at org.gradle.internal.work.DefaultWorkerLeaseService.wit
houtLocks(DefaultWorkerLeaseService.java:335)
	at org.gradle.internal.work.DefaultWorkerLeaseService.wit
houtLocks(DefaultWorkerLeaseService.java:318)
	at org.gradle.internal.work.DefaultWorkerLeaseService.wit
houtLock(DefaultWorkerLeaseService.java:323)
	at org.gradle.internal.work.DefaultAsyncWorkTracker.waitF
orItemsAndGatherFailures(DefaultAsyncWorkTracker.java:126)
	at org.gradle.internal.work.DefaultAsyncWorkTracker.waitF
orItemsAndGatherFailures(DefaultAsyncWorkTracker.java:92)
	at org.gradle.internal.work.DefaultAsyncWorkTracker.waitF
orAll(DefaultAsyncWorkTracker.java:78)
	at org.gradle.internal.work.DefaultAsyncWorkTracker.waitF
orCompletion(DefaultAsyncWorkTracker.java:66)
	at org.gradle.api.internal.tasks.execution.TaskExecution$
3.run(TaskExecution.java:260)
	at org.gradle.internal.operations.DefaultBuildOperationRu
nner$1.execute(DefaultBuildOperationRunner.java:29)
	at org.gradle.internal.operations.DefaultBuildOperationRu
nner$1.execute(DefaultBuildOperationRunner.java:26)
	at org.gradle.internal.operations.DefaultBuildOperationRu
nner$2.execute(DefaultBuildOperationRunner.java:66)
	at org.gradle.internal.operations.DefaultBuildOperationRu
nner$2.execute(DefaultBuildOperationRunner.java:59)
	at org.gradle.internal.operations.DefaultBuildOperationRu
nner.execute(DefaultBuildOperationRunner.java:166)
	at org.gradle.internal.operations.DefaultBuildOperationRu
nner.execute(DefaultBuildOperationRunner.java:59)
	at org.gradle.internal.operations.DefaultBuildOperationRu
nner.run(DefaultBuildOperationRunner.java:47)
	at org.gradle.api.internal.tasks.execution.TaskExecution.
executeAction(TaskExecution.java:237)
	at org.gradle.api.internal.tasks.execution.TaskExecution.
executeActions(TaskExecution.java:220)
	at org.gradle.api.internal.tasks.execution.TaskExecution.
executeWithPreviousOutputFiles(TaskExecution.java:203)
	at org.gradle.api.internal.tasks.execution.TaskExecution.
execute(TaskExecution.java:170)
	at org.gradle.internal.execution.steps.ExecuteStep.execut
eInternal(ExecuteStep.java:105)
	at org.gradle.internal.execution.steps.ExecuteStep.access
$000(ExecuteStep.java:44)
	at org.gradle.internal.execution.steps.ExecuteStep$1.call
(ExecuteStep.java:59)
	at org.gradle.internal.execution.steps.ExecuteStep$1.call
(ExecuteStep.java:56)
	at org.gradle.internal.operations.DefaultBuildOperationRu
nner$CallableBuildOperationWorker.execute(DefaultBuildOper
ationRunner.java:209)
	at org.gradle.internal.operations.DefaultBuildOperationRu
nner$CallableBuildOperationWorker.execute(DefaultBuildOper
ationRunner.java:204)
	at org.gradle.internal.operations.DefaultBuildOperationRu
nner$2.execute(DefaultBuildOperationRunner.java:66)
	at org.gradle.internal.operations.DefaultBuildOperationRu
nner$2.execute(DefaultBuildOperationRunner.java:59)
	at org.gradle.internal.operations.DefaultBuildOperationRu
nner.execute(DefaultBuildOperationRunner.java:166)
	at org.gradle.internal.operations.DefaultBuildOperationRu
nner.execute(DefaultBuildOperationRunner.java:59)
	at org.gradle.internal.operations.DefaultBuildOperationRu
nner.call(DefaultBuildOperationRunner.java:53)
	at org.gradle.internal.execution.steps.ExecuteStep.execut
e(ExecuteStep.java:56)
	at org.gradle.internal.execution.steps.ExecuteStep.execut
e(ExecuteStep.java:44)
	at org.gradle.internal.execution.steps.CancelExecutionSte
p.execute(CancelExecutionStep.java:42)
	at org.gradle.internal.execution.steps.TimeoutStep.execut
eWithoutTimeout(TimeoutStep.java:75)
	at org.gradle.internal.execution.steps.TimeoutStep.execut
e(TimeoutStep.java:55)
	at org.gradle.internal.execution.steps.PreCreateOutputPar
entsStep.execute(PreCreateOutputParentsStep.java:50)
	at org.gradle.internal.execution.steps.PreCreateOutputPar
entsStep.execute(PreCreateOutputParentsStep.java:28)
	at org.gradle.internal.execution.steps.RemovePreviousOutp
utsStep.execute(RemovePreviousOutputsStep.java:68)
	at org.gradle.internal.execution.steps.RemovePreviousOutp
utsStep.execute(RemovePreviousOutputsStep.java:38)
	at org.gradle.internal.execution.steps.BroadcastChangingO
utputsStep.execute(BroadcastChangingOutputsStep.java:61)
	at org.gradle.internal.execution.steps.BroadcastChangingO
utputsStep.execute(BroadcastChangingOutputsStep.java:26)
	at org.gradle.internal.execution.steps.CaptureOutputsAfte
rExecutionStep.execute(CaptureOutputsAfterExecutionStep.ja
va:69)
	at org.gradle.internal.execution.steps.CaptureOutputsAfte
rExecutionStep.execute(CaptureOutputsAfterExecutionStep.ja
va:46)
	at org.gradle.internal.execution.steps.ResolveInputChange
sStep.execute(ResolveInputChangesStep.java:39)
	at org.gradle.internal.execution.steps.ResolveInputChange
sStep.execute(ResolveInputChangesStep.java:28)
	at org.gradle.internal.execution.steps.BuildCacheStep.exe
cuteWithoutCache(BuildCacheStep.java:189)
	at org.gradle.internal.execution.steps.BuildCacheStep.lam
bda$execute$1(BuildCacheStep.java:75)
	at org.gradle.internal.Either$Right.fold(Either.java:176)
	at org.gradle.internal.execution.caching.CachingState.fol
d(CachingState.java:62)
	at org.gradle.internal.execution.steps.BuildCacheStep.exe
cute(BuildCacheStep.java:73)
	at org.gradle.internal.execution.steps.BuildCacheStep.exe
cute(BuildCacheStep.java:48)
	at org.gradle.internal.execution.steps.StoreExecutionStat
eStep.execute(StoreExecutionStateStep.java:46)
	at org.gradle.internal.execution.steps.StoreExecutionStat
eStep.execute(StoreExecutionStateStep.java:35)
	at org.gradle.internal.execution.steps.SkipUpToDateStep.e
xecuteBecause(SkipUpToDateStep.java:75)
	at org.gradle.internal.execution.steps.SkipUpToDateStep.l
ambda$execute$2(SkipUpToDateStep.java:53)
	at org.gradle.internal.execution.steps.SkipUpToDateStep.e
xecute(SkipUpToDateStep.java:53)
	at org.gradle.internal.execution.steps.SkipUpToDateStep.e
xecute(SkipUpToDateStep.java:35)
	at org.gradle.internal.execution.steps.legacy.MarkSnapsho
ttingInputsFinishedStep.execute(MarkSnapshottingInputsFini
shedStep.java:37)
	at org.gradle.internal.execution.steps.legacy.MarkSnapsho
ttingInputsFinishedStep.execute(MarkSnapshottingInputsFini
shedStep.java:27)
	at org.gradle.internal.execution.steps.ResolveIncremental
CachingStateStep.executeDelegate(ResolveIncrementalCaching
StateStep.java:49)
	at org.gradle.internal.execution.steps.ResolveIncremental
CachingStateStep.executeDelegate(ResolveIncrementalCaching
StateStep.java:27)
	at org.gradle.internal.execution.steps.AbstractResolveCac
hingStateStep.execute(AbstractResolveCachingStateStep.java
:71)
	at org.gradle.internal.execution.steps.AbstractResolveCac
hingStateStep.execute(AbstractResolveCachingStateStep.java
:39)
	at org.gradle.internal.execution.steps.ResolveChangesStep
.execute(ResolveChangesStep.java:64)
	at org.gradle.internal.execution.steps.ResolveChangesStep
.execute(ResolveChangesStep.java:35)
	at org.gradle.internal.execution.steps.ValidateStep.execu
te(ValidateStep.java:62)
	at org.gradle.internal.execution.steps.ValidateStep.execu
te(ValidateStep.java:40)
	at org.gradle.internal.execution.steps.AbstractCaptureSta
teBeforeExecutionStep.execute(AbstractCaptureStateBeforeEx
ecutionStep.java:76)
	at org.gradle.internal.execution.steps.AbstractCaptureSta
teBeforeExecutionStep.execute(AbstractCaptureStateBeforeEx
ecutionStep.java:45)
	at org.gradle.internal.execution.steps.AbstractSkipEmptyW
orkStep.executeWithNonEmptySources(AbstractSkipEmptyWorkSt
ep.java:136)
	at org.gradle.internal.execution.steps.AbstractSkipEmptyW
orkStep.execute(AbstractSkipEmptyWorkStep.java:61)
	at org.gradle.internal.execution.steps.AbstractSkipEmptyW
orkStep.execute(AbstractSkipEmptyWorkStep.java:38)
	at org.gradle.internal.execution.steps.legacy.MarkSnapsho
ttingInputsStartedStep.execute(MarkSnapshottingInputsStart
edStep.java:38)
	at org.gradle.internal.execution.steps.LoadPreviousExecut
ionStateStep.execute(LoadPreviousExecutionStateStep.java:3
6)
	at org.gradle.internal.execution.steps.LoadPreviousExecut
ionStateStep.execute(LoadPreviousExecutionStateStep.java:2
3)
	at org.gradle.internal.execution.steps.HandleStaleOutputs
Step.execute(HandleStaleOutputsStep.java:75)
	at org.gradle.internal.execution.steps.HandleStaleOutputs
Step.execute(HandleStaleOutputsStep.java:41)
	at org.gradle.internal.execution.steps.AssignMutableWorks
paceStep.lambda$execute$0(AssignMutableWorkspaceStep.java:
35)
	at org.gradle.api.internal.tasks.execution.TaskExecution$
4.withWorkspace(TaskExecution.java:297)
	at org.gradle.internal.execution.steps.AssignMutableWorks
paceStep.execute(AssignMutableWorkspaceStep.java:31)
	at org.gradle.internal.execution.steps.AssignMutableWorks
paceStep.execute(AssignMutableWorkspaceStep.java:22)
	at org.gradle.internal.execution.steps.ChoosePipelineStep
.execute(ChoosePipelineStep.java:40)
	at org.gradle.internal.execution.steps.ChoosePipelineStep
.execute(ChoosePipelineStep.java:23)
	at org.gradle.internal.execution.steps.ExecuteWorkBuildOp
erationFiringStep.lambda$execute$2(ExecuteWorkBuildOperati
onFiringStep.java:67)
	at org.gradle.internal.execution.steps.ExecuteWorkBuildOp
erationFiringStep.execute(ExecuteWorkBuildOperationFiringS
tep.java:67)
	at org.gradle.internal.execution.steps.ExecuteWorkBuildOp
erationFiringStep.execute(ExecuteWorkBuildOperationFiringS
tep.java:39)
	at org.gradle.internal.execution.steps.IdentityCacheStep.
execute(IdentityCacheStep.java:46)
	at org.gradle.internal.execution.steps.IdentityCacheStep.
execute(IdentityCacheStep.java:34)
	at org.gradle.internal.execution.steps.IdentifyStep.execu
te(IdentifyStep.java:47)
	at org.gradle.internal.execution.steps.IdentifyStep.execu
te(IdentifyStep.java:34)
	at org.gradle.internal.execution.impl.DefaultExecutionEng
ine$1.execute(DefaultExecutionEngine.java:64)
	at org.gradle.api.internal.tasks.execution.ExecuteActions
TaskExecuter.executeIfValid(ExecuteActionsTaskExecuter.jav
a:132)
	... 29 more
Caused by: java.lang.RuntimeException: 2 issues were 
found when checking AAR metadata:

  1.  Dependency 'androidx.core:core:1.17.0' requires 
libraries and applications that
      depend on it to compile against version 36 or later 
of the
      Android APIs.

      :app is currently compiled against android-35.

      Recommended action: Update this project to use a 
newer compileSdk
      of at least 36, for example 36.

      Note that updating a library or application's 
compileSdk (which
      allows newer APIs to be used) can be done 
separately from updating
      targetSdk (which opts the app in to new runtime 
behavior) and
      minSdk (which determines which devices the app can 
be installed

Deprecated Gradle features were used in this build, making it incompatible with Gradle 10.

You can use '--warning-mode all' to show the individual deprecation warnings and determine if they come from your own scripts or plugins.

For more on this, please refer to https://docs.gradle.org/9.0.0/userguide/command_line_interface.html#sec:command_line_warnings in the Gradle documentation.
29 actionable tasks: 1 executed, 28 up-to-date
      on).

  2.  Dependency 'androidx.core:core-ktx:1.17.0' requires 
libraries and applications that
      depend on it to compile against version 36 or later 
of the
      Android APIs.

      :app is currently compiled against android-35.

      Recommended action: Update this project to use a 
newer compileSdk
      of at least 36, for example 36.

      Note that updating a library or application's 
compileSdk (which
      allows newer APIs to be used) can be done 
separately from updating
      targetSdk (which opts the app in to new runtime 
behavior) and
      minSdk (which determines which devices the app can 
be installed
      on).
	at com.android.build.gradle.internal.tasks.CheckAarMetada
taWorkAction.execute(CheckAarMetadataTask.kt:288)
	at org.gradle.workers.internal.DefaultWorkerServer.execut
e(DefaultWorkerServer.java:68)
	at org.gradle.workers.internal.NoIsolationWorkerFactory$1
$1.create(NoIsolationWorkerFactory.java:66)
	at org.gradle.workers.internal.NoIsolationWorkerFactory$1
$1.create(NoIsolationWorkerFactory.java:62)
	at org.gradle.internal.classloader.ClassLoaderUtils.execu
teInClassloader(ClassLoaderUtils.java:100)
	at org.gradle.workers.internal.NoIsolationWorkerFactory$1
.lambda$execute$0(NoIsolationWorkerFactory.java:62)
	at org.gradle.workers.internal.AbstractWorker$1.call(Abst
ractWorker.java:44)
	at org.gradle.workers.internal.AbstractWorker$1.call(Abst
ractWorker.java:41)
	at org.gradle.internal.operations.DefaultBuildOperationRu
nner$CallableBuildOperationWorker.execute(DefaultBuildOper
ationRunner.java:209)
	at org.gradle.internal.operations.DefaultBuildOperationRu
nner$CallableBuildOperationWorker.execute(DefaultBuildOper
ationRunner.java:204)
	at org.gradle.internal.operations.DefaultBuildOperationRu
nner$2.execute(DefaultBuildOperationRunner.java:66)
	at org.gradle.internal.operations.DefaultBuildOperationRu
nner$2.execute(DefaultBuildOperationRunner.java:59)
	at org.gradle.internal.operations.DefaultBuildOperationRu
nner.execute(DefaultBuildOperationRunner.java:166)
	at org.gradle.internal.operations.DefaultBuildOperationRu
nner.execute(DefaultBuildOperationRunner.java:59)
	at org.gradle.internal.operations.DefaultBuildOperationRu
nner.call(DefaultBuildOperationRunner.java:53)
	at org.gradle.workers.internal.AbstractWorker.executeWrap
pedInBuildOperation(AbstractWorker.java:41)
	at org.gradle.workers.internal.NoIsolationWorkerFactory$1
.execute(NoIsolationWorkerFactory.java:59)
	at org.gradle.workers.internal.DefaultWorkerExecutor.lamb
da$submitWork$0(DefaultWorkerExecutor.java:176)
	at org.gradle.internal.work.DefaultConditionalExecutionQu
eue$ExecutionRunner.runExecution(DefaultConditionalExecuti
onQueue.java:194)
	at org.gradle.internal.work.DefaultConditionalExecutionQu
eue$ExecutionRunner.access$700(DefaultConditionalExecution
Queue.java:127)
	at org.gradle.internal.work.DefaultConditionalExecutionQu
eue$ExecutionRunner$1.run(DefaultConditionalExecutionQueue
.java:169)
	at 
org.gradle.internal.Factories$1.create(Factories.java:31)
	at org.gradle.internal.work.DefaultWorkerLeaseService.wit
hLocks(DefaultWorkerLeaseService.java:263)
	at org.gradle.internal.work.DefaultWorkerLeaseService.run
AsWorkerThread(DefaultWorkerLeaseService.java:127)
	at org.gradle.internal.work.DefaultWorkerLeaseService.run
AsWorkerThread(DefaultWorkerLeaseService.java:132)
	at org.gradle.internal.work.DefaultConditionalExecutionQu
eue$ExecutionRunner.runBatch(DefaultConditionalExecutionQu
eue.java:164)
	at org.gradle.internal.work.DefaultConditionalExecutionQu
eue$ExecutionRunner.run(DefaultConditionalExecutionQueue.j
ava:133)
	... 2 more


BUILD FAILED in 2s
